Determining if files malloc.h exist failed with the following output:
Change Dir: /Users/Alex/Developer/ruby/movieTagger/atomicParsley/source/CMakeFiles/CMakeTmp

Run Build Command:"/usr/bin/make" "cmTryCompileExec734296398/fast"
/Applications/Xcode.app/Contents/Developer/usr/bin/make -f CMakeFiles/cmTryCompileExec734296398.dir/build.make CMakeFiles/cmTryCompileExec734296398.dir/build
/Applications/CMake.app/Contents/bin/cmake -E cmake_progress_report /Users/Alex/Developer/ruby/movieTagger/atomicParsley/source/CMakeFiles/CMakeTmp/CMakeFiles 1
Building C object CMakeFiles/cmTryCompileExec734296398.dir/CheckIncludeFiles.c.o
/usr/bin/cc    -o CMakeFiles/cmTryCompileExec734296398.dir/CheckIncludeFiles.c.o   -c /Users/Alex/Developer/ruby/movieTagger/atomicParsley/source/CMakeFiles/CMakeTmp/CheckIncludeFiles.c
/Users/Alex/Developer/ruby/movieTagger/atomicParsley/source/CMakeFiles/CMakeTmp/CheckIncludeFiles.c:2:10: fatal error: 'malloc.h' file not found
#include <malloc.h>
         ^
1 error generated.
make[1]: *** [CMakeFiles/cmTryCompileExec734296398.dir/CheckIncludeFiles.c.o] Error 1
make: *** [cmTryCompileExec734296398/fast] Error 2

Source:
/* */
#include <malloc.h>


int main(void){return 0;}

Determining if files windows.h exist failed with the following output:
Change Dir: /Users/Alex/Developer/ruby/movieTagger/atomicParsley/source/CMakeFiles/CMakeTmp

Run Build Command:"/usr/bin/make" "cmTryCompileExec1149074816/fast"
/Applications/Xcode.app/Contents/Developer/usr/bin/make -f CMakeFiles/cmTryCompileExec1149074816.dir/build.make CMakeFiles/cmTryCompileExec1149074816.dir/build
/Applications/CMake.app/Contents/bin/cmake -E cmake_progress_report /Users/Alex/Developer/ruby/movieTagger/atomicParsley/source/CMakeFiles/CMakeTmp/CMakeFiles 1
Building C object CMakeFiles/cmTryCompileExec1149074816.dir/CheckIncludeFiles.c.o
/usr/bin/cc    -o CMakeFiles/cmTryCompileExec1149074816.dir/CheckIncludeFiles.c.o   -c /Users/Alex/Developer/ruby/movieTagger/atomicParsley/source/CMakeFiles/CMakeTmp/CheckIncludeFiles.c
/Users/Alex/Developer/ruby/movieTagger/atomicParsley/source/CMakeFiles/CMakeTmp/CheckIncludeFiles.c:2:10: fatal error: 'windows.h' file not found
#include <windows.h>
         ^
1 error generated.
make[1]: *** [CMakeFiles/cmTryCompileExec1149074816.dir/CheckIncludeFiles.c.o] Error 1
make: *** [cmTryCompileExec1149074816/fast] Error 2

Source:
/* */
#include <windows.h>


int main(void){return 0;}

Determining if files linux/cdrom.h exist failed with the following output:
Change Dir: /Users/Alex/Developer/ruby/movieTagger/atomicParsley/source/CMakeFiles/CMakeTmp

Run Build Command:"/usr/bin/make" "cmTryCompileExec2847883281/fast"
/Applications/Xcode.app/Contents/Developer/usr/bin/make -f CMakeFiles/cmTryCompileExec2847883281.dir/build.make CMakeFiles/cmTryCompileExec2847883281.dir/build
/Applications/CMake.app/Contents/bin/cmake -E cmake_progress_report /Users/Alex/Developer/ruby/movieTagger/atomicParsley/source/CMakeFiles/CMakeTmp/CMakeFiles 1
Building C object CMakeFiles/cmTryCompileExec2847883281.dir/CheckIncludeFiles.c.o
/usr/bin/cc    -o CMakeFiles/cmTryCompileExec2847883281.dir/CheckIncludeFiles.c.o   -c /Users/Alex/Developer/ruby/movieTagger/atomicParsley/source/CMakeFiles/CMakeTmp/CheckIncludeFiles.c
/Users/Alex/Developer/ruby/movieTagger/atomicParsley/source/CMakeFiles/CMakeTmp/CheckIncludeFiles.c:2:10: fatal error: 'linux/cdrom.h' file not found
#include <linux/cdrom.h>
         ^
1 error generated.
make[1]: *** [CMakeFiles/cmTryCompileExec2847883281.dir/CheckIncludeFiles.c.o] Error 1
make: *** [cmTryCompileExec2847883281/fast] Error 2

Source:
/* */
#include <linux/cdrom.h>


int main(void){return 0;}

Determining if files io.h exist failed with the following output:
Change Dir: /Users/Alex/Developer/ruby/movieTagger/atomicParsley/source/CMakeFiles/CMakeTmp

Run Build Command:"/usr/bin/make" "cmTryCompileExec765965224/fast"
/Applications/Xcode.app/Contents/Developer/usr/bin/make -f CMakeFiles/cmTryCompileExec765965224.dir/build.make CMakeFiles/cmTryCompileExec765965224.dir/build
/Applications/CMake.app/Contents/bin/cmake -E cmake_progress_report /Users/Alex/Developer/ruby/movieTagger/atomicParsley/source/CMakeFiles/CMakeTmp/CMakeFiles 1
Building C object CMakeFiles/cmTryCompileExec765965224.dir/CheckIncludeFiles.c.o
/usr/bin/cc    -o CMakeFiles/cmTryCompileExec765965224.dir/CheckIncludeFiles.c.o   -c /Users/Alex/Developer/ruby/movieTagger/atomicParsley/source/CMakeFiles/CMakeTmp/CheckIncludeFiles.c
/Users/Alex/Developer/ruby/movieTagger/atomicParsley/source/CMakeFiles/CMakeTmp/CheckIncludeFiles.c:2:10: fatal error: 'io.h' file not found
#include <io.h>
         ^
1 error generated.
make[1]: *** [CMakeFiles/cmTryCompileExec765965224.dir/CheckIncludeFiles.c.o] Error 1
make: *** [cmTryCompileExec765965224/fast] Error 2

Source:
/* */
#include <io.h>


int main(void){return 0;}

Determining if the function _snprintf exists failed with the following output:
Change Dir: /Users/Alex/Developer/ruby/movieTagger/atomicParsley/source/CMakeFiles/CMakeTmp

Run Build Command:"/usr/bin/make" "cmTryCompileExec3958084849/fast"
/Applications/Xcode.app/Contents/Developer/usr/bin/make -f CMakeFiles/cmTryCompileExec3958084849.dir/build.make CMakeFiles/cmTryCompileExec3958084849.dir/build
/Applications/CMake.app/Contents/bin/cmake -E cmake_progress_report /Users/Alex/Developer/ruby/movieTagger/atomicParsley/source/CMakeFiles/CMakeTmp/CMakeFiles 1
Building C object CMakeFiles/cmTryCompileExec3958084849.dir/CheckFunctionExists.c.o
/usr/bin/cc   -DCHECK_FUNCTION_EXISTS=_snprintf   -o CMakeFiles/cmTryCompileExec3958084849.dir/CheckFunctionExists.c.o   -c /Applications/CMake.app/Contents/share/cmake-3.1/Modules/CheckFunctionExists.c
Linking C executable cmTryCompileExec3958084849
/Applications/CMake.app/Contents/bin/cmake -E cmake_link_script CMakeFiles/cmTryCompileExec3958084849.dir/link.txt --verbose=1
/usr/bin/cc   -DCHECK_FUNCTION_EXISTS=_snprintf -Wl,-search_paths_first -Wl,-headerpad_max_install_names  CMakeFiles/cmTryCompileExec3958084849.dir/CheckFunctionExists.c.o  -o cmTryCompileExec3958084849  
Undefined symbols for architecture x86_64:
  "__snprintf", referenced from:
      _main in CheckFunctionExists.c.o
ld: symbol(s) not found for architecture x86_64
clang: error: linker command failed with exit code 1 (use -v to see invocation)
make[1]: *** [cmTryCompileExec3958084849] Error 1
make: *** [cmTryCompileExec3958084849/fast] Error 2


